2023-09-28 18:21:48 info: Server listening from port 3000
2023-09-28 18:24:01 info: Server listening from port 3000
2023-09-28 18:30:16 info: Server listening from port 3000
2023-09-28 18:34:49 info: Server listening from port 3000
2023-09-28 18:36:48 info: Server listening from port 3000
2023-09-28 18:37:08 info: Server listening from port 3000
2023-09-28 18:44:54 info: Server listening from port 3000
2023-09-28 18:45:24 info: Server listening from port 3000
2023-09-28 19:23:17 info: Server listening from port 3000
2023-09-28 19:32:04 info: Server listening from port 3000
2023-09-28 19:32:06 info: req.body: [object Object]
2023-09-28 19:32:06 error: 같은 email이 이미 존재합니다.
2023-09-28 19:33:35 info: Server listening from port 3000
2023-09-28 19:33:45 info: req.body: %j
2023-09-28 19:33:45 error: 같은 email이 이미 존재합니다.
2023-09-28 19:34:24 info: Server listening from port 3000
2023-09-28 19:34:27 info: req.body: %o
2023-09-28 19:34:27 error: 같은 email이 이미 존재합니다.
2023-09-28 19:35:41 info: Server listening from port 3000
2023-09-28 19:35:46 info: req.body: {"email":"mjluckk@gmail.com","pw":"fndl","username":"test"}
2023-09-28 19:35:47 error: 같은 email이 이미 존재합니다.
2023-09-28 19:38:40 info: Server listening from port 3000
2023-09-28 19:39:31 info: Server listening from port 3000
2023-09-28 21:21:06 info: Server listening from port 3000
2023-09-28 21:21:21 info: Server listening from port 3000
2023-09-28 21:21:43 info: Server listening from port 3000
2023-09-28 21:23:33 info: Server listening from port 3000
2023-09-28 21:24:24 info: Server listening from port 3000
2023-09-28 21:34:23 info: Server listening from port 3000
2023-09-28 21:34:42 info: 로그인 함수 실행
2023-09-28 21:34:42 info: 로그인 성공
2023-09-28 21:34:42 info: undefined
2023-09-28 21:36:37 info: Server listening from port 3000
2023-09-28 21:37:22 info: 로그인 함수 실행
2023-09-28 21:37:22 info: 로그인 성공
2023-09-28 21:37:22 info: undefined
2023-09-28 21:37:56 info: Server listening from port 3000
2023-09-28 21:37:56 info: 로그인 함수 실행
2023-09-28 21:37:56 info: 로그인 성공
2023-09-28 21:37:56 info: {"originalMaxAge":null,"expires":null,"httpOnly":true,"path":"/"}
2023-09-28 21:38:25 info: [{"note_id":1,"note_name":"기본","created_at":"2023-09-25T08:19:14.000Z"}]
2023-09-28 21:40:28 info: [{"note_id":1,"note_name":"기본","created_at":"2023-09-25T08:19:14.000Z"}]
2023-09-28 21:40:46 info: Server listening from port 3000
2023-09-28 21:40:55 info: 로그인 함수 실행
2023-09-28 21:40:55 info: 로그인 성공
2023-09-28 21:40:55 info: {"originalMaxAge":null,"expires":null,"httpOnly":true,"path":"/"}
2023-09-28 21:45:57 info: Server listening from port 3000
2023-09-28 21:45:59 error: 로그인하지 않았습니다.
2023-09-28 21:46:09 info: 로그인 함수 실행
2023-09-28 21:46:09 info: 로그인 성공
2023-09-28 21:46:09 info: {"originalMaxAge":null,"expires":null,"httpOnly":true,"path":"/"}
2023-09-28 21:46:13 info: note_name: 기본
2023-09-28 21:46:13 info: note_id: 1
2023-09-28 21:47:07 info: Server listening from port 3000
2023-09-28 21:47:10 info: 로그인 함수 실행
2023-09-28 21:47:10 info: 로그인 성공
2023-09-28 21:47:10 info: {"originalMaxAge":null,"expires":null,"httpOnly":true,"path":"/"}
2023-09-28 21:47:17 info: note_name: 기본
2023-09-28 21:47:17 info: note_id: 1
2023-09-28 21:47:17 warn: 빈 단어장
2023-09-28 22:03:38 info: Server listening from port 3000
2023-09-28 22:03:44 info: 로그인 함수 실행
2023-09-28 22:03:44 info: 로그인 성공
2023-09-28 22:03:44 info: {"originalMaxAge":null,"expires":null,"httpOnly":true,"path":"/"}
2023-09-28 22:04:30 info: note_name: 기본
2023-09-28 22:04:30 info: note_id: 1
2023-09-28 22:04:30 info: 단어장에 새 단어 저장 성공!
2023-09-28 22:04:46 info: [{"note_id":1,"note_name":"기본","created_at":"2023-09-25T08:19:14.000Z"}]
2023-09-28 22:05:05 info: note_name: 기본
2023-09-28 22:05:05 info: note_id: 1
2023-09-28 22:06:21 info: note_name: 기본
2023-09-28 22:06:21 info: note_id: 1
2023-09-28 22:06:21 info: 단어장에 새 단어 저장 성공!
2023-09-28 22:06:37 info: note_name: 기본
2023-09-28 22:06:37 info: note_id: 1
2023-09-28 22:07:05 info: note_name: 기본
2023-09-28 22:07:05 info: note_id: 1
2023-09-28 22:07:05 info: 단어장에서 단어 삭제 성공!
2023-09-28 22:07:11 info: note_name: 기본
2023-09-28 22:07:11 info: note_id: 1
2023-09-28 22:07:59 error: DB 에러: notes 테이블에서 user_email과 note_name으로 notes를 삭제하지 못함. MySQL 에러 내용 => Error: ER_ROW_IS_REFERENCED_2: Cannot delete or update a parent row: a foreign key constraint fails (`handy`.`note_words`, CONSTRAINT `note_words_ibfk_1` FOREIGN KEY (`note_id`) REFERENCES `notes` (`note_id`))
2023-09-28 22:09:28 info: Server listening from port 3000
2023-09-28 22:09:34 info: 로그인 함수 실행
2023-09-28 22:09:34 info: 로그인 성공
2023-09-28 22:09:34 info: {"originalMaxAge":null,"expires":null,"httpOnly":true,"path":"/"}
2023-09-28 22:10:21 info: Server listening from port 3000
2023-09-28 22:10:25 info: 로그인 함수 실행
2023-09-28 22:10:25 info: 로그인 성공
2023-09-28 22:10:25 info: {"originalMaxAge":null,"expires":null,"httpOnly":true,"path":"/"}
2023-09-28 22:10:27 info: 단어장 삭제 성공
2023-09-28 22:10:33 error: 해당 사용자에 저장된 단어장 없음
2023-09-28 22:11:19 info: Server listening from port 3000
2023-09-28 22:11:20 info: 로그인 함수 실행
2023-09-28 22:11:20 info: 로그인 성공
2023-09-28 22:11:20 info: {"originalMaxAge":null,"expires":null,"httpOnly":true,"path":"/"}
2023-09-28 22:11:24 error: 해당 사용자에 저장된 단어장 없음
2023-09-28 22:25:21 info: Server listening from port 3000
2023-09-28 22:25:24 info: 로그인 함수 실행
2023-09-28 22:25:24 info: 로그인 성공
2023-09-28 22:25:24 info: {"originalMaxAge":null,"expires":null,"httpOnly":true,"path":"/"}
2023-09-28 22:26:14 info: Server listening from port 3000
2023-09-28 22:26:16 info: 로그인 함수 실행
2023-09-28 22:26:16 info: 로그인 성공
2023-09-28 22:26:16 info: {"originalMaxAge":null,"expires":null,"httpOnly":true,"path":"/"}
2023-09-28 22:26:23 error: Bcrypt 모듈 hashing 오류 =>Error: data and salt arguments required
2023-09-28 22:27:43 info: 마이페이지에서 사용자 정보 가져오기 성공!
2023-09-28 22:29:27 info: Server listening from port 3000
2023-09-28 22:29:32 info: 로그인 함수 실행
2023-09-28 22:29:32 info: 로그인 성공
2023-09-28 22:29:32 info: {"originalMaxAge":null,"expires":null,"httpOnly":true,"path":"/"}
2023-09-28 22:29:36 info: 마이페이지에서 사용자 정보 가져오기 성공!
2023-09-28 22:37:22 info: Server listening from port 3000
2023-09-28 22:37:23 info: 로그인 함수 실행
2023-09-28 22:37:23 info: 로그인 성공
2023-09-28 22:37:23 info: {"originalMaxAge":null,"expires":null,"httpOnly":true,"path":"/"}
2023-09-28 22:38:29 info: Server listening from port 3000
2023-09-28 22:38:31 info: 로그인 함수 실행
2023-09-28 22:38:31 info: 로그인 성공
2023-09-28 22:38:31 info: {"originalMaxAge":null,"expires":null,"httpOnly":true,"path":"/"}
2023-09-28 22:39:23 info: Server listening from port 3000
2023-09-28 22:39:23 error: 로그인하지 않았음
2023-09-28 22:39:27 info: 로그인 함수 실행
2023-09-28 22:39:27 info: 로그인 성공
2023-09-28 22:39:27 info: {"originalMaxAge":null,"expires":null,"httpOnly":true,"path":"/"}
2023-09-28 22:40:57 info: Server listening from port 3000
2023-09-28 22:40:59 info: 로그인 함수 실행
2023-09-28 22:40:59 info: 로그인 성공
2023-09-28 22:40:59 info: {"originalMaxAge":null,"expires":null,"httpOnly":true,"path":"/"}
2023-09-28 22:41:11 info: Server listening from port 3000
2023-09-28 22:41:12 info: 로그인 함수 실행
2023-09-28 22:41:12 info: 로그인 성공
2023-09-28 22:41:12 info: {"originalMaxAge":null,"expires":null,"httpOnly":true,"path":"/"}
2023-09-28 22:55:21 info: Server listening from port 3000
2023-09-28 22:55:27 info: 로그인 함수 실행
2023-09-28 22:55:27 info: 로그인 성공
2023-09-28 22:55:27 info: {"originalMaxAge":null,"expires":null,"httpOnly":true,"path":"/"}
2023-09-28 22:56:48 info: Server listening from port 3000
2023-09-28 22:56:49 info: 로그인 함수 실행
2023-09-28 22:56:50 info: 로그인 성공
2023-09-28 22:56:50 info: {"originalMaxAge":null,"expires":null,"httpOnly":true,"path":"/"}
2023-09-28 22:57:28 info: Server listening from port 3000
2023-09-28 22:57:30 info: 로그인 함수 실행
2023-09-28 22:57:30 info: 로그인 성공
2023-09-28 22:57:30 info: {"originalMaxAge":null,"expires":null,"httpOnly":true,"path":"/"}
2023-09-28 22:57:34 info: 새 게시글 저장 성공!
2023-09-28 22:58:29 info: 새 게시글 저장 성공!
2023-09-28 23:01:44 info: 새 게시글 저장 성공!
2023-09-28 23:28:27 info: 새 게시글 저장 성공!
2023-09-28 23:28:52 info: Server listening from port 3000
2023-09-28 23:29:07 info: 로그인 함수 실행
2023-09-28 23:29:07 info: 로그인 성공
2023-09-28 23:29:07 info: {"originalMaxAge":null,"expires":null,"httpOnly":true,"path":"/"}
2023-09-28 23:29:10 error: DB 오류: posts(게시글) 테이블에 새 게시글 저장 실패함. MySQL 에러 내용 => Error: ER_NO_REFERENCED_ROW_2: Cannot add or update a child row: a foreign key constraint fails (`handy`.`posts`, CONSTRAINT `posts_ibfk_1` FOREIGN KEY (`user_email`) REFERENCES `users` (`user_email`))
2023-09-28 23:29:42 info: Server listening from port 3000
2023-09-28 23:29:43 info: 로그인 함수 실행
2023-09-28 23:29:43 info: 로그인 성공
2023-09-28 23:29:43 info: {"originalMaxAge":null,"expires":null,"httpOnly":true,"path":"/"}
2023-09-28 23:29:45 info: 새 게시글 저장 성공!
2023-09-28 23:30:19 info: Server listening from port 3000
2023-09-28 23:30:20 info: 로그인 함수 실행
2023-09-28 23:30:20 info: 로그인 성공
2023-09-28 23:30:20 info: {"originalMaxAge":null,"expires":null,"httpOnly":true,"path":"/"}
2023-09-28 23:31:29 info: Server listening from port 3000
2023-09-28 23:31:32 info: article_id로 게시글 불러오기 성공!
2023-09-28 23:32:07 info: article_id로 게시글 불러오기 성공!
2023-09-28 23:33:19 info: Server listening from port 3000
2023-09-28 23:33:21 info: article_id로 게시글 불러오기 성공!
2023-09-28 23:33:21 info: 게시글 조회수 +1 성공!
2023-09-28 23:33:25 info: article_id로 게시글 불러오기 성공!
2023-09-28 23:33:25 info: 게시글 조회수 +1 성공!
2023-09-28 23:41:11 info: Server listening from port 3000
2023-09-28 23:44:14 info: 로그인 함수 실행
2023-09-28 23:44:14 info: 로그인 성공
2023-09-28 23:44:14 info: {"originalMaxAge":null,"expires":null,"httpOnly":true,"path":"/"}
2023-09-28 23:44:35 error: DB 에러: posts(게시글)에서 게시글 삭제 실패함. MySQL 에러 내용 => Error: ER_PARSE_ERROR: You have an error in your SQL syntax; check the manual that corresponds to your MySQL server version for the right syntax to use near 'VALUES ('1', 'mjluckk@gmail.com')' at line 1
2023-09-28 23:46:08 info: Server listening from port 3000
2023-09-28 23:46:10 info: 로그인 함수 실행
2023-09-28 23:46:10 info: 로그인 성공
2023-09-28 23:46:10 info: {"originalMaxAge":null,"expires":null,"httpOnly":true,"path":"/"}
2023-09-28 23:46:14 error: 해당 사용자가 작성한 게시글이 아님.
2023-09-28 23:46:50 info: 로그아웃 성공
2023-09-28 23:46:57 info: 로그인 함수 실행
2023-09-28 23:46:57 info: 로그인 성공
2023-09-28 23:46:57 info: {"originalMaxAge":null,"expires":null,"httpOnly":true,"path":"/"}
2023-09-28 23:47:03 error: DB 에러: posts(게시글)에서 게시글 삭제 실패함. MySQL 에러 내용 => Error: ER_PARSE_ERROR: You have an error in your SQL syntax; check the manual that corresponds to your MySQL server version for the right syntax to use near 'VALUES (1, 'mjluckk2@gmail.com')' at line 1
2023-09-28 23:47:17 error: DB 에러: posts(게시글)에서 게시글 삭제 실패함. MySQL 에러 내용 => Error: ER_PARSE_ERROR: You have an error in your SQL syntax; check the manual that corresponds to your MySQL server version for the right syntax to use near 'VALUES (1, 'mjluckk2@gmail.com')' at line 1
2023-09-28 23:49:01 info: Server listening from port 3000
2023-09-28 23:49:09 info: 로그인 함수 실행
2023-09-28 23:49:09 info: 로그인 성공
2023-09-28 23:49:09 info: {"originalMaxAge":null,"expires":null,"httpOnly":true,"path":"/"}
2023-09-28 23:49:12 error: 해당 사용자가 작성한 게시글이 아님.
2023-09-28 23:49:23 info: 로그아웃 성공
2023-09-28 23:49:31 info: 로그인 함수 실행
2023-09-28 23:49:32 info: 로그인 성공
2023-09-28 23:49:32 info: {"originalMaxAge":null,"expires":null,"httpOnly":true,"path":"/"}
2023-09-28 23:49:57 error: DB 에러: posts(게시글)에서 게시글 삭제 실패함. MySQL 에러 내용 => Error: ER_PARSE_ERROR: You have an error in your SQL syntax; check the manual that corresponds to your MySQL server version for the right syntax to use near 'VALUES ('1', 'mjluckk2@gmail.com')' at line 1
2023-09-28 23:51:36 info: Server listening from port 3000
2023-09-28 23:51:40 info: 로그인 함수 실행
2023-09-28 23:51:41 info: 로그인 성공
2023-09-28 23:51:41 info: {"originalMaxAge":null,"expires":null,"httpOnly":true,"path":"/"}
2023-09-28 23:51:48 info: 성공적으로 게시글을 삭제함!
2023-09-28 23:56:41 info: Server listening from port 3000
2023-09-28 23:56:44 info: 로그인 함수 실행
2023-09-28 23:56:44 info: 로그인 성공
2023-09-28 23:56:44 info: {"originalMaxAge":null,"expires":null,"httpOnly":true,"path":"/"}
2023-09-28 23:57:08 info: Server listening from port 3000
2023-09-28 23:57:09 info: 로그인 함수 실행
2023-09-28 23:57:09 info: 로그인 성공
2023-09-28 23:57:09 info: {"originalMaxAge":null,"expires":null,"httpOnly":true,"path":"/"}
2023-09-28 23:58:02 info: Server listening from port 3000
2023-09-28 23:58:06 info: 로그인 함수 실행
2023-09-28 23:58:06 info: 로그인 성공
2023-09-28 23:58:06 info: {"originalMaxAge":null,"expires":null,"httpOnly":true,"path":"/"}
2023-09-28 23:58:08 info: 성공적으로 게시글을 수정함!
2023-09-29 00:04:09 info: Server listening from port 3000
2023-09-29 00:04:19 info: Server listening from port 3000
2023-09-29 00:04:21 info: 로그인 함수 실행
2023-09-29 00:04:21 info: 로그인 성공
2023-09-29 00:04:21 info: {"originalMaxAge":null,"expires":null,"httpOnly":true,"path":"/"}
2023-09-29 00:05:39 info: 성공적으로 게시글을 수정함!
2023-09-29 00:06:28 info: Server listening from port 3000
2023-09-29 00:06:32 info: 로그인 함수 실행
2023-09-29 00:06:32 info: 로그인 성공
2023-09-29 00:06:32 info: {"originalMaxAge":null,"expires":null,"httpOnly":true,"path":"/"}
2023-09-29 00:06:34 info: 성공적으로 게시글을 수정함!
2023-09-29 00:08:20 info: Server listening from port 3000
2023-09-29 00:08:25 info: 로그인 함수 실행
2023-09-29 00:08:25 info: 로그인 성공
2023-09-29 00:08:25 info: {"originalMaxAge":null,"expires":null,"httpOnly":true,"path":"/"}
2023-09-29 00:08:27 info: 성공적으로 게시글을 수정함!
2023-09-29 00:12:47 info: Server listening from port 3000
2023-09-29 00:12:50 info: 로그인 함수 실행
2023-09-29 00:12:50 info: 로그인 성공
2023-09-29 00:12:50 info: {"originalMaxAge":null,"expires":null,"httpOnly":true,"path":"/"}
2023-09-29 00:12:53 info: 성공적으로 게시글을 수정함!
2023-09-29 00:32:58 info: Server listening from port 3000
2023-09-29 00:37:03 info: Server listening from port 3000
2023-09-29 00:40:15 info: Server listening from port 3000
2023-09-29 00:41:57 info: Server listening from port 3000
2023-09-29 01:01:16 info: Server listening from port 3000
2023-09-29 01:01:53 info: <=== /dictionary/testlist/undefined 실행 ===>
2023-09-29 01:02:06 info: Server listening from port 3000
2023-09-29 01:02:08 info: <=== /dictionary/testlist/인간임 실행 ===>
2023-09-29 01:02:44 info: Server listening from port 3000
2023-09-29 01:02:46 info: <=== /dictionary/testlist/인간임 실행 ===>
2023-09-29 01:02:46 error: 잘못된 섹션명: 해당 섹션명은 존재하지 않음.
2023-09-29 01:53:00 info: Server listening from port 3000
2023-09-29 01:54:52 info: <=== /dictionary/testlist/인간임 실행 ===>
2023-09-29 01:54:52 error: 잘못된 섹션명: 해당 섹션명은 존재하지 않음.
2023-09-29 01:59:46 info: Server listening from port 3000
2023-09-29 01:59:54 info: <=== /dictionary/testlist/인간 실행 ===>
2023-09-29 02:00:01 info: <=== /dictionary/testlist/인간임 실행 ===>
2023-09-29 02:00:01 error: 잘못된 섹션명: 해당 섹션명은 존재하지 않음.
2023-09-29 02:02:50 info: Server listening from port 3000
2023-09-29 02:04:36 info: Server listening from port 3000
2023-09-29 02:05:24 info: <=== /dictionary/testlist/인간 실행 ===>
2023-09-29 02:07:15 info: Server listening from port 3000
2023-09-29 02:08:48 info: Server listening from port 3000
2023-09-29 02:09:22 info: Server listening from port 3000
2023-09-29 02:10:01 info: Server listening from port 3000
2023-09-29 02:10:19 info: Server listening from port 3000
2023-09-29 02:10:55 info: <=== /dictionary/testlist/인간 실행 ===>
2023-09-29 02:11:42 info: Server listening from port 3000
2023-09-29 02:11:56 info: <=== /dictionary/testlist/인간 실행 ===>
2023-09-29 02:12:44 info: Server listening from port 3000
2023-09-29 02:13:16 info: <=== /dictionary/testlist/인간임 실행 ===>
2023-09-29 02:13:16 error: 잘못된 섹션명: 해당 섹션명은 존재하지 않음.
2023-09-29 02:16:10 info: Server listening from port 3000
2023-09-29 02:19:22 info: Server listening from port 3000
2023-09-29 02:19:58 info: Server listening from port 3000
2023-09-29 02:23:37 info: Server listening from port 3000
2023-09-29 02:24:29 info: Server listening from port 3000
2023-09-29 02:24:50 info: Server listening from port 3000
2023-09-29 02:25:47 info: Server listening from port 3000
2023-09-29 02:29:59 info: Server listening from port 3000
2023-09-29 02:40:31 info: Server listening from port 3000
2023-09-29 02:40:40 info: <=== /dictionary/search/사랑 실행 ===>
2023-09-29 02:40:40 info: func1 시작
2023-09-29 02:40:40 info: 로그인하지 않은 상태여서 검색 기록 저장되지 않음.
2023-09-29 02:41:04 info: Server listening from port 3000
2023-09-29 02:41:04 info: <=== /dictionary/search/사랑 실행 ===>
2023-09-29 02:41:04 info: func1 시작
2023-09-29 02:41:04 info: 로그인하지 않은 상태여서 검색 기록 저장되지 않음.
2023-09-29 02:41:12 info: <=== /dictionary/search/사랑2 실행 ===>
2023-09-29 02:41:12 info: func1 시작
2023-09-29 02:41:12 info: 로그인하지 않은 상태여서 검색 기록 저장되지 않음.
2023-09-29 02:43:29 info: Server listening from port 3000
2023-09-29 02:43:31 info: <=== /dictionary/search/사랑2 실행 ===>
2023-09-29 02:43:31 info: func1 시작
2023-09-29 02:43:31 info: 로그인하지 않은 상태여서 검색 기록 저장되지 않음.
2023-09-29 02:44:20 info: Server listening from port 3000
2023-09-29 02:44:22 info: <=== /dictionary/search/사랑2 실행 ===>
2023-09-29 02:44:22 info: func1 시작
2023-09-29 02:44:22 info: 로그인하지 않은 상태여서 검색 기록 저장되지 않음.
2023-09-29 02:44:40 info: Server listening from port 3000
2023-09-29 02:44:42 info: <=== /dictionary/search/사랑2 실행 ===>
2023-09-29 02:44:42 info: func1 시작
2023-09-29 02:44:42 info: 로그인하지 않은 상태여서 검색 기록 저장되지 않음.
2023-09-29 02:44:45 info: Server listening from port 3000
2023-09-29 02:45:22 info: Server listening from port 3000
2023-09-29 02:45:22 info: <=== /dictionary/search/사랑2 실행 ===>
2023-09-29 02:45:22 info: func1 시작
2023-09-29 02:45:22 info: 로그인하지 않은 상태여서 검색 기록 저장되지 않음.
2023-09-29 02:46:34 info: Server listening from port 3000
2023-09-29 02:46:40 info: <=== /dictionary/search/사랑2 실행 ===>
2023-09-29 02:46:40 info: func1 시작
2023-09-29 02:46:40 info: 로그인하지 않은 상태여서 검색 기록 저장되지 않음.
2023-09-29 02:46:47 info: <=== /dictionary/search/사랑 실행 ===>
2023-09-29 02:46:47 info: func1 시작
2023-09-29 02:46:47 info: 로그인하지 않은 상태여서 검색 기록 저장되지 않음.
2023-09-29 02:47:39 info: Server listening from port 3000
2023-09-29 02:48:44 info: <=== /dictionary/words/?1 실행 ===>
2023-09-29 02:49:27 info: Server listening from port 3000
2023-09-29 02:52:16 info: Server listening from port 3000
2023-09-29 02:52:16 info: <=== /dictionary/main 실행 ===>
2023-09-29 02:54:01 info: Server listening from port 3000
2023-09-29 02:54:04 info: <=== /dictionary/main 실행 ===>
