2023-09-30 00:26:52 info: Server listening from port 3000
2023-09-30 00:40:09 info: Server listening from port 3000
2023-09-30 00:49:54 info: Server listening from port 3000
2023-09-30 00:50:39 info: Server listening from port 3000
2023-09-30 01:01:38 info: Server listening from port 3000
2023-09-30 01:02:14 info: Server listening from port 3000
2023-09-30 01:03:05 info: Server listening from port 3000
2023-09-30 01:11:57 info: Server listening from port 3000
2023-09-30 01:12:39 info: Server listening from port 3000
2023-09-30 01:15:39 info: Server listening from port 3000
2023-09-30 01:15:46 info: 로그인 함수 실행
2023-09-30 01:15:46 info: 로그인 성공
2023-09-30 01:15:46 info: mjluckk4@gmail.com / 루이4 로그인 완료!
2023-09-30 01:15:59 error: 파라미터 오류
2023-09-30 01:16:05 error: 파라미터 오류
2023-09-30 01:16:36 info: Server listening from port 3000
2023-09-30 01:16:51 info: 로그인 함수 실행
2023-09-30 01:16:51 info: 로그인 성공
2023-09-30 01:16:51 info: mjluckk4@gmail.com / 루이4 로그인 완료!
2023-09-30 01:17:01 error: 파라미터 오류
2023-09-30 01:17:20 info: Server listening from port 3000
2023-09-30 01:17:28 info: 로그인 함수 실행
2023-09-30 01:17:28 info: 로그인 성공
2023-09-30 01:17:28 info: mjluckk4@gmail.com / 루이4 로그인 완료!
2023-09-30 01:18:31 info: Server listening from port 3000
2023-09-30 01:18:48 info: 로그인 함수 실행
2023-09-30 01:18:48 info: 로그인 성공
2023-09-30 01:18:48 info: mjluckk4@gmail.com / 루이4 로그인 완료!
2023-09-30 01:23:44 info: Server listening from port 3000
2023-09-30 01:24:22 info: 로그인 함수 실행
2023-09-30 01:24:22 info: 로그인 성공
2023-09-30 01:24:22 info: mjluckk@gmail.com / 루이 로그인 완료!
2023-09-30 01:24:45 info: Server listening from port 3000
2023-09-30 01:24:47 info: 로그인 함수 실행
2023-09-30 01:24:47 info: 로그인 성공
2023-09-30 01:24:47 info: mjluckk@gmail.com / 루이 로그인 완료!
2023-09-30 01:25:52 info: Server listening from port 3000
2023-09-30 01:33:45 info: Server listening from port 3000
2023-09-30 01:34:26 info: Server listening from port 3000
2023-09-30 01:42:59 info: Server listening from port 3000
2023-09-30 01:43:03 info: article_id로 게시글 불러오기 성공!
2023-09-30 01:43:03 info: 게시글 조회수 +1 성공!
2023-09-30 01:46:51 info: Server listening from port 3000
2023-09-30 01:46:51 info: article_id로 게시글 불러오기 성공!
2023-09-30 01:46:51 info: 게시글 조회수 +1 성공!
2023-09-30 01:47:12 info: Server listening from port 3000
2023-09-30 01:47:13 info: article_id로 게시글 불러오기 성공!
2023-09-30 01:47:13 info: 게시글 조회수 +1 성공!
2023-09-30 01:48:45 info: Server listening from port 3000
2023-09-30 01:50:20 info: Server listening from port 3000
2023-09-30 01:52:50 info: Server listening from port 3000
2023-09-30 01:53:08 info: article_id로 게시글 불러오기 성공!
2023-09-30 01:53:08 info: 게시글 조회수 +1 성공!
2023-09-30 01:53:09 info: article_id로 게시글 불러오기 성공!
2023-09-30 01:53:09 info: 게시글 조회수 +1 성공!
2023-09-30 01:53:30 info: Server listening from port 3000
2023-09-30 01:54:18 info: Server listening from port 3000
2023-09-30 01:54:26 info: article_id로 게시글 불러오기 성공!
2023-09-30 01:54:26 info: 게시글 조회수 +1 성공!
2023-09-30 02:14:37 info: Server listening from port 3000
2023-09-30 02:15:04 info: Server listening from port 3000
2023-09-30 02:15:57 info: Server listening from port 3000
2023-09-30 02:16:11 info: article_id로 게시글 불러오기 성공!
2023-09-30 02:16:11 info: 게시글 조회수 +1 성공!
2023-09-30 02:16:58 info: Server listening from port 3000
2023-09-30 02:18:56 info: 로그인 함수 실행
2023-09-30 02:18:56 info: 로그인 성공
2023-09-30 02:18:56 info: mjluckk2@gmail.com / 루이2 로그인 완료!
2023-09-30 02:20:16 info: Server listening from port 3000
2023-09-30 02:20:20 info: 로그인 함수 실행
2023-09-30 02:20:20 info: 로그인 성공
2023-09-30 02:20:20 info: mjluckk2@gmail.com / 루이2 로그인 완료!
2023-09-30 02:20:29 info: Server listening from port 3000
2023-09-30 02:20:33 info: 로그인 함수 실행
2023-09-30 02:20:33 info: 로그인 성공
2023-09-30 02:20:33 info: mjluckk2@gmail.com / 루이2 로그인 완료!
2023-09-30 02:20:51 info: Server listening from port 3000
2023-09-30 02:20:56 info: 로그인 함수 실행
2023-09-30 02:20:56 info: 로그인 성공
2023-09-30 02:20:56 info: mjluckk2@gmail.com / 루이2 로그인 완료!
2023-09-30 02:21:21 info: 로그인 함수 실행
2023-09-30 02:21:21 error: 비밀번호 실패
2023-09-30 02:21:27 info: 로그인 함수 실행
2023-09-30 02:21:27 error: email이 존재하지 않습니다. 
2023-09-30 02:21:40 info: 로그인 함수 실행
2023-09-30 02:21:40 info: 로그인 성공
2023-09-30 02:21:40 info: mjluckk2@gmail.com / 루이2 로그인 완료!
2023-09-30 02:29:47 info: Server listening from port 3000
2023-09-30 02:30:35 info: Server listening from port 3000
2023-09-30 02:31:49 info: Server listening from port 3000
2023-09-30 02:32:55 info: Server listening from port 3000
2023-09-30 02:33:02 info: 로그인 함수 실행
2023-09-30 02:33:02 info: 로그인 성공
2023-09-30 02:33:02 info: mjluckk2@gmail.com / 루이2 로그인 완료!
2023-09-30 02:33:13 info: 사용자의 친구 목록 -> 
2023-09-30 02:33:23 info: article_id로 게시글 불러오기 성공!
2023-09-30 02:33:23 info: 게시글 조회수 +1 성공!
2023-09-30 02:33:35 info: 새 게시글 저장 성공!
2023-09-30 02:34:35 info: Server listening from port 3000
2023-09-30 02:34:45 info: 로그인 함수 실행
2023-09-30 02:34:45 info: 로그인 성공
2023-09-30 02:34:45 info: mjluckk2@gmail.com / 루이2 로그인 완료!
2023-09-30 02:36:44 info: Server listening from port 3000
2023-09-30 02:36:52 info: 로그인 함수 실행
2023-09-30 02:36:52 info: 로그인 성공
2023-09-30 02:36:52 info: mjluckk2@gmail.com / 루이2 로그인 완료!
2023-09-30 02:37:15 info: Server listening from port 3000
2023-09-30 02:37:22 info: 로그인 함수 실행
2023-09-30 02:37:22 info: 로그인 성공
2023-09-30 02:37:22 info: mjluckk2@gmail.com / 루이2 로그인 완료!
2023-09-30 02:37:38 error: ER_PARSE_ERROR: You have an error in your SQL syntax; check the manual that corresponds to your MySQL server version for the right syntax to use near 'body = '시작한지 일주일 지났는데 진도도 안나가지고 너무 어' at line 1
2023-09-30 02:38:01 info: Server listening from port 3000
2023-09-30 02:38:07 info: 로그인 함수 실행
2023-09-30 02:38:07 info: 로그인 성공
2023-09-30 02:38:07 info: mjluckk2@gmail.com / 루이2 로그인 완료!
2023-09-30 02:38:14 info: 성공적으로 게시글을 수정함!
2023-09-30 02:39:06 info: Server listening from port 3000
2023-09-30 02:39:14 info: 로그인 함수 실행
2023-09-30 02:39:14 info: 로그인 성공
2023-09-30 02:39:14 info: mjluckk2@gmail.com / 루이2 로그인 완료!
2023-09-30 02:39:20 info: 성공적으로 게시글을 수정함!
2023-09-30 02:39:26 info: article_id로 게시글 불러오기 성공!
2023-09-30 02:39:26 info: 게시글 조회수 +1 성공!
2023-09-30 02:39:48 info: 성공적으로 게시글을 삭제함!
2023-09-30 02:41:06 info: Server listening from port 3000
2023-09-30 02:41:13 info: 로그인 함수 실행
2023-09-30 02:41:13 info: 로그인 성공
2023-09-30 02:41:13 info: mjluckk2@gmail.com / 루이2 로그인 완료!
2023-09-30 02:41:20 info: 사용자의 친구 목록 -> 
2023-09-30 02:41:32 info: 서로를 친구로 추가 성공!
2023-09-30 02:41:38 info: 사용자의 친구 목록 -> [object Object]
2023-09-30 02:43:56 info: Server listening from port 3000
2023-09-30 02:44:01 info: 로그인 함수 실행
2023-09-30 02:44:01 info: 로그인 성공
2023-09-30 02:44:01 info: mjluckk2@gmail.com / 루이2 로그인 완료!
2023-09-30 02:44:08 info: 사용자의 친구 목록 -> [object Object]
2023-09-30 02:44:31 info: Server listening from port 3000
2023-09-30 02:44:46 error: 로그인 상태가 아님.
2023-09-30 02:44:51 info: 로그인 함수 실행
2023-09-30 02:44:52 info: 로그인 성공
2023-09-30 02:44:52 info: mjluckk2@gmail.com / 루이2 로그인 완료!
2023-09-30 02:44:54 info: 서로 친구 목록에서 삭제 성공!
2023-09-30 02:45:02 info: 사용자의 친구 목록 -> 
2023-09-30 02:46:18 info: Server listening from port 3000
2023-09-30 02:46:25 info: 로그인 함수 실행
2023-09-30 02:46:25 info: 로그인 성공
2023-09-30 02:46:25 info: mjluckk2@gmail.com / 루이2 로그인 완료!
2023-09-30 02:47:16 info: Server listening from port 3000
2023-09-30 02:47:26 info: 로그인 함수 실행
2023-09-30 02:47:26 info: 로그인 성공
2023-09-30 02:47:26 info: mjluckk2@gmail.com / 루이2 로그인 완료!
2023-09-30 02:47:38 info: 단어장 생성 완료함
2023-09-30 02:47:38 info: 입력정보: mjluckk2@gmail.com,1주차
2023-09-30 02:47:47 info: [{"note_id":2,"note_name":"1주차","created_at":"2023-09-29T17:47:40.000Z"}]
2023-09-30 02:50:23 info: Server listening from port 3000
2023-09-30 02:50:32 info: 로그인 함수 실행
2023-09-30 02:50:32 info: 로그인 성공
2023-09-30 02:50:32 info: mjluckk2@gmail.com / 루이2 로그인 완료!
2023-09-30 02:50:43 info: [{"note_id":2,"note_name":"1주차","created_at":"2023-09-29 17:47:40"}]
2023-09-30 02:51:10 info: Server listening from port 3000
2023-09-30 02:51:17 info: 로그인 함수 실행
2023-09-30 02:51:17 info: 로그인 성공
2023-09-30 02:51:17 info: mjluckk2@gmail.com / 루이2 로그인 완료!
2023-09-30 02:51:26 info: [{"note_id":2,"note_name":"1주차","created_at":"2023-09-29 17:47:40"}]
2023-09-30 02:51:47 info: note_name: 1주차
2023-09-30 02:51:47 info: note_id: 2
2023-09-30 02:51:47 info: 단어장에 새 단어 저장 성공!
2023-09-30 02:51:58 info: note_name: 1주차
2023-09-30 02:51:58 info: note_id: 2
2023-09-30 02:52:15 info: note_name: 1주차
2023-09-30 02:52:15 info: note_id: 2
2023-09-30 02:52:15 info: 단어장에서 단어 삭제 성공!
2023-09-30 02:54:11 info: Server listening from port 3000
2023-09-30 02:54:17 info: 로그인 함수 실행
2023-09-30 02:54:17 info: 로그인 성공
2023-09-30 02:54:17 info: mjluckk2@gmail.com / 루이2 로그인 완료!
2023-09-30 02:56:06 info: Server listening from port 3000
2023-09-30 02:56:12 info: 로그인 함수 실행
2023-09-30 02:56:12 info: 로그인 성공
2023-09-30 02:56:12 info: mjluckk2@gmail.com / 루이2 로그인 완료!
2023-09-30 02:57:23 info: Server listening from port 3000
2023-09-30 02:57:30 info: 로그인 함수 실행
2023-09-30 02:57:30 info: 로그인 성공
2023-09-30 02:57:30 info: mjluckk2@gmail.com / 루이2 로그인 완료!
2023-09-30 20:24:07 info: Server listening from port 3000
2023-09-30 20:24:34 info: 로그인 함수 실행
2023-09-30 20:24:34 info: 로그인 성공
2023-09-30 20:24:34 info: mjluckk2@gmail.com / 루이2 로그인 완료!
2023-09-30 20:25:05 info: 댓글 저장 성공!
2023-09-30 20:25:16 info: post_id로 게시글 불러오기 성공!
2023-09-30 20:25:16 info: 게시글 조회수 +1 성공!
2023-09-30 20:26:11 info: Server listening from port 3000
2023-09-30 20:26:19 info: 로그인 함수 실행
2023-09-30 20:26:19 info: 로그인 성공
2023-09-30 20:26:19 info: mjluckk2@gmail.com / 루이2 로그인 완료!
2023-09-30 20:26:24 info: post_id로 게시글 불러오기 성공!
2023-09-30 20:26:24 info: 게시글 조회수 +1 성공!
2023-09-30 20:27:26 info: Server listening from port 3000
2023-09-30 20:27:34 info: 로그인 함수 실행
2023-09-30 20:27:34 info: 로그인 성공
2023-09-30 20:27:34 info: mjluckk2@gmail.com / 루이2 로그인 완료!
2023-09-30 20:27:37 info: 댓글 저장 성공!
2023-09-30 20:27:41 info: post_id로 게시글 불러오기 성공!
2023-09-30 20:27:41 info: 게시글 조회수 +1 성공!
2023-09-30 20:33:27 info: Server listening from port 3000
2023-09-30 20:33:58 error: 로그인하지 않았음!
2023-09-30 20:34:26 info: 로그인 함수 실행
2023-09-30 20:34:26 info: 로그인 성공
2023-09-30 20:34:26 info: mjluckk2@gmail.com / 루이2 로그인 완료!
2023-09-30 20:34:29 error: ER_BAD_FIELD_ERROR: Unknown column 'comments' in 'field list'
2023-09-30 20:35:15 info: Server listening from port 3000
2023-09-30 20:35:18 info: 로그인 함수 실행
2023-09-30 20:35:18 info: 로그인 성공
2023-09-30 20:35:18 info: mjluckk2@gmail.com / 루이2 로그인 완료!
2023-09-30 20:35:21 info: 댓글 저장 성공!
2023-09-30 20:39:44 info: Server listening from port 3000
2023-09-30 20:39:58 info: post_id로 게시글 불러오기 성공!
2023-09-30 20:39:58 info: 게시글 조회수 +1 성공!
2023-09-30 20:43:13 info: Server listening from port 3000
2023-09-30 20:43:17 info: 로그인 함수 실행
2023-09-30 20:43:17 info: 로그인 성공
2023-09-30 20:43:17 info: mjluckk2@gmail.com / 루이2 로그인 완료!
2023-09-30 20:43:25 info: post_id로 게시글 불러오기 성공!
2023-09-30 20:43:25 info: 게시글 조회수 +1 성공!
2023-09-30 20:43:53 error: 해당 사용자가 작성한 게시글이 아님.
2023-09-30 20:44:33 info: post_id로 게시글 불러오기 성공!
2023-09-30 20:44:33 info: 게시글 조회수 +1 성공!
2023-09-30 20:46:39 info: Server listening from port 3000
2023-09-30 20:46:48 info: post_id로 게시글 불러오기 성공!
2023-09-30 20:46:48 info: 게시글 조회수 +1 성공!
2023-09-30 20:47:35 info: Server listening from port 3000
2023-09-30 20:47:39 info: post_id로 게시글 불러오기 성공!
2023-09-30 20:47:39 info: 게시글 조회수 +1 성공!
2023-09-30 20:47:57 info: Server listening from port 3000
2023-09-30 20:47:57 info: 게시글 조회수 +1 성공!
2023-09-30 20:47:57 error: ER_BAD_FIELD_ERROR: Unknown column 'username' in 'field list'
2023-09-30 20:48:03 info: Server listening from port 3000
2023-09-30 20:48:04 info: 게시글 조회수 +1 성공!
2023-09-30 20:48:04 error: ER_BAD_FIELD_ERROR: Unknown column 'username' in 'field list'
2023-09-30 20:48:46 info: Server listening from port 3000
2023-09-30 20:48:47 info: 게시글 조회수 +1 성공!
2023-09-30 20:48:47 info: post_id로 게시글 불러오기 성공!
2023-09-30 20:49:52 info: Server listening from port 3000
2023-09-30 20:49:55 info: 게시글 조회수 +1 성공!
2023-09-30 20:49:55 info: post_id로 게시글 불러오기 성공!
2023-09-30 20:50:32 info: Server listening from port 3000
2023-09-30 20:50:33 info: 게시글 조회수 +1 성공!
2023-09-30 20:50:33 info: post_id로 게시글 불러오기 성공!
2023-09-30 20:53:02 info: Server listening from port 3000
2023-09-30 20:53:03 info: post_id로 게시글 불러오기 성공!
2023-09-30 20:53:11 info: Server listening from port 3000
2023-09-30 20:53:13 info: post_id로 게시글 불러오기 성공!
2023-09-30 20:53:32 info: Server listening from port 3000
2023-09-30 20:53:33 info: post_id로 게시글 불러오기 성공!
2023-09-30 20:53:49 info: Server listening from port 3000
2023-09-30 20:53:49 info: 게시글 조회수 +1 성공!
2023-09-30 20:53:49 info: post_id로 게시글 불러오기 성공!
2023-09-30 20:54:30 info: Server listening from port 3000
2023-09-30 20:54:30 info: 게시글 조회수 +1 성공!
2023-09-30 20:54:30 info: post_id로 게시글 불러오기 성공!
2023-09-30 20:54:46 info: Server listening from port 3000
2023-09-30 20:54:47 info: 게시글 조회수 +1 성공!
2023-09-30 20:54:47 info: post_id로 게시글 불러오기 성공!
2023-09-30 21:00:54 info: Server listening from port 3000
2023-09-30 21:00:54 info: 게시글 조회수 +1 성공!
2023-09-30 21:01:06 info: Server listening from port 3000
2023-09-30 21:01:06 info: 게시글 조회수 +1 성공!
2023-09-30 21:01:06 info: post_id로 게시글 불러오기 성공!
2023-09-30 21:02:01 info: Server listening from port 3000
2023-09-30 21:02:02 info: 게시글 조회수 +1 성공!
2023-09-30 21:02:42 info: Server listening from port 3000
2023-09-30 21:02:46 info: 게시글 조회수 +1 성공!
2023-09-30 21:03:22 info: Server listening from port 3000
2023-09-30 21:03:42 info: Server listening from port 3000
2023-09-30 21:03:43 info: 게시글 조회수 +1 성공!
2023-09-30 21:05:14 info: Server listening from port 3000
2023-09-30 21:05:14 info: 게시글 조회수 +1 성공!
2023-09-30 21:05:31 info: Server listening from port 3000
2023-09-30 21:05:31 info: 게시글 조회수 +1 성공!
2023-09-30 21:06:37 info: Server listening from port 3000
2023-09-30 21:06:43 info: 게시글 조회수 +1 성공!
2023-09-30 21:07:43 info: Server listening from port 3000
2023-09-30 21:07:43 info: 게시글 조회수 +1 성공!
2023-09-30 21:08:07 info: Server listening from port 3000
2023-09-30 21:08:08 info: 게시글 조회수 +1 성공!
2023-09-30 21:12:13 info: Server listening from port 3000
2023-09-30 21:12:17 info: 게시글 조회수 +1 성공!
2023-09-30 21:18:58 info: Server listening from port 3000
2023-09-30 21:19:37 info: Server listening from port 3000
2023-09-30 21:19:40 info: 게시글 조회수 +1 성공!
2023-09-30 21:21:45 info: Server listening from port 3000
2023-09-30 21:21:46 info: 게시글 조회수 +1 성공!
2023-09-30 21:23:20 info: Server listening from port 3000
2023-09-30 21:23:21 info: 게시글 조회수 +1 성공!
2023-09-30 21:23:30 info: Server listening from port 3000
2023-09-30 21:23:31 info: 게시글 조회수 +1 성공!
2023-09-30 21:25:46 info: Server listening from port 3000
2023-09-30 21:25:46 info: 게시글 조회수 +1 성공!
2023-09-30 21:27:24 info: Server listening from port 3000
2023-09-30 21:27:25 info: 게시글 조회수 +1 성공!
2023-09-30 21:27:27 info: 게시글 조회수 +1 성공!
2023-09-30 21:27:51 info: Server listening from port 3000
2023-09-30 21:27:52 info: 게시글 조회수 +1 성공!
2023-09-30 21:28:15 info: Server listening from port 3000
2023-09-30 21:28:15 info: 게시글 조회수 +1 성공!
2023-09-30 21:48:31 info: Server listening from port 3000
2023-09-30 21:48:34 info: Server listening from port 3000
2023-09-30 21:48:35 info: 게시글 조회수 +1 성공!
2023-09-30 21:49:15 info: Server listening from port 3000
2023-09-30 21:50:57 info: Server listening from port 3000
2023-09-30 21:50:57 info: 게시글 조회수 +1 성공!
2023-09-30 21:57:31 info: Server listening from port 3000
2023-09-30 21:57:31 info: 게시글 조회수 +1 성공!
2023-09-30 21:58:05 info: Server listening from port 3000
2023-09-30 21:58:05 info: 게시글 조회수 +1 성공!
2023-09-30 21:59:48 info: Server listening from port 3000
2023-09-30 22:00:09 info: Server listening from port 3000
2023-09-30 22:00:10 info: 게시글 조회수 +1 성공!
2023-09-30 22:01:00 info: Server listening from port 3000
2023-09-30 22:01:06 info: 게시글 조회수 +1 성공!
2023-09-30 22:01:45 info: Server listening from port 3000
2023-09-30 22:01:45 info: 게시글 조회수 +1 성공!
2023-09-30 22:02:01 info: Server listening from port 3000
2023-09-30 22:02:03 info: 게시글 조회수 +1 성공!
2023-09-30 22:02:38 info: Server listening from port 3000
2023-09-30 22:02:39 info: 게시글 조회수 +1 성공!
2023-09-30 22:03:39 info: Server listening from port 3000
2023-09-30 22:03:39 info: 게시글 조회수 +1 성공!
2023-09-30 22:04:09 info: Server listening from port 3000
2023-09-30 22:04:09 info: 게시글 조회수 +1 성공!
2023-09-30 22:04:42 info: Server listening from port 3000
2023-09-30 22:04:43 info: 게시글 조회수 +1 성공!
2023-09-30 22:12:16 info: Server listening from port 3000
2023-09-30 22:13:09 info: Server listening from port 3000
2023-09-30 22:13:35 info: Server listening from port 3000
2023-09-30 22:18:22 info: Server listening from port 3000
2023-09-30 22:18:57 info: Server listening from port 3000
2023-09-30 22:19:35 info: Server listening from port 3000
2023-09-30 22:19:56 info: Server listening from port 3000
2023-09-30 22:19:56 info: 게시글 조회수 +1 성공!
2023-09-30 22:20:16 info: Server listening from port 3000
2023-09-30 22:20:48 info: Server listening from port 3000
2023-09-30 22:20:48 info: 게시글 조회수 +1 성공!
2023-09-30 22:22:12 info: Server listening from port 3000
2023-09-30 22:22:12 info: 게시글 조회수 +1 성공!
2023-09-30 22:25:28 info: Server listening from port 3000
2023-09-30 22:26:00 info: Server listening from port 3000
2023-09-30 22:26:53 info: Server listening from port 3000
2023-09-30 22:27:07 info: Server listening from port 3000
2023-09-30 22:27:45 info: Server listening from port 3000
2023-09-30 22:28:29 info: Server listening from port 3000
2023-09-30 22:28:55 info: Server listening from port 3000
2023-09-30 22:29:03 info: Server listening from port 3000
2023-09-30 22:34:42 info: Server listening from port 3000
2023-09-30 22:36:31 info: Server listening from port 3000
2023-09-30 22:37:40 info: Server listening from port 3000
2023-09-30 22:45:34 info: Server listening from port 3000
2023-09-30 22:57:40 info: Server listening from port 3000
2023-09-30 22:58:35 error: 로그인하지 않았음!
2023-09-30 22:58:44 info: 로그인 함수 실행
2023-09-30 22:58:44 info: 로그인 성공
2023-09-30 22:58:44 info: mjluckk2@gmail.com / 루이2 로그인 완료!
2023-09-30 22:58:51 error: 해당 사용자가 작성한 댓이 아님.
2023-09-30 22:59:21 info: Server listening from port 3000
2023-09-30 22:59:22 info: 로그인 함수 실행
2023-09-30 22:59:22 info: 로그인 성공
2023-09-30 22:59:22 info: mjluckk2@gmail.com / 루이2 로그인 완료!
2023-09-30 22:59:28 error: 해당 사용자가 작성한 댓이 아님.
2023-09-30 23:00:05 info: Server listening from port 3000
2023-09-30 23:00:09 info: 로그인 함수 실행
2023-09-30 23:00:09 info: 로그인 성공
2023-09-30 23:00:09 info: mjluckk2@gmail.com / 루이2 로그인 완료!
2023-09-30 23:00:12 info: 댓글 수정 성공!
2023-09-30 23:04:38 info: Server listening from port 3000
2023-09-30 23:14:02 info: Server listening from port 3000
2023-09-30 23:14:07 info: 로그인 함수 실행
2023-09-30 23:14:08 info: 로그인 성공
2023-09-30 23:14:08 info: mjluckk2@gmail.com / 루이2 로그인 완료!
2023-09-30 23:14:41 error: ER_PARSE_ERROR: You have an error in your SQL syntax; check the manual that corresponds to your MySQL server version for the right syntax to use near '?' at line 1
2023-09-30 23:15:17 info: Server listening from port 3000
2023-09-30 23:15:20 info: 로그인 함수 실행
2023-09-30 23:15:21 info: 로그인 성공
2023-09-30 23:15:21 info: mjluckk2@gmail.com / 루이2 로그인 완료!
2023-09-30 23:15:23 info: 성공적으로 비밀번호를 수정함!
2023-09-30 23:15:36 info: Server listening from port 3000
2023-09-30 23:15:36 info: 로그인 함수 실행
2023-09-30 23:15:36 error: 비밀번호 실패
2023-09-30 23:15:41 info: 로그인 함수 실행
2023-09-30 23:15:41 info: 로그인 성공
2023-09-30 23:15:41 info: mjluckk2@gmail.com / 루이2 로그인 완료!
2023-09-30 23:17:20 info: Server listening from port 3000
2023-09-30 23:17:22 info: 로그인 함수 실행
2023-09-30 23:17:22 info: 로그인 성공
2023-09-30 23:17:22 info: mjluckk2@gmail.com / 루이2 로그인 완료!
2023-09-30 23:17:29 info: 성공적으로 비밀번호를 수정함!
2023-09-30 23:17:45 error: 파라미터 오류
2023-09-30 23:17:57 info: Server listening from port 3000
2023-09-30 23:17:58 info: 로그인 함수 실행
2023-09-30 23:17:58 error: 비밀번호 실패
2023-09-30 23:18:03 error: 로그인 상태가 아님.
2023-09-30 23:18:10 info: 로그인 함수 실행
2023-09-30 23:18:10 info: 로그인 성공
2023-09-30 23:18:10 info: mjluckk2@gmail.com / 루이2 로그인 완료!
2023-09-30 23:18:13 error: 파라미터 오류
2023-09-30 23:18:19 error: 파라미터 오류
2023-09-30 23:18:33 info: Server listening from port 3000
2023-09-30 23:18:34 info: 로그인 함수 실행
2023-09-30 23:18:34 info: 로그인 성공
2023-09-30 23:18:34 info: mjluckk2@gmail.com / 루이2 로그인 완료!
2023-09-30 23:18:59 info: Server listening from port 3000
2023-09-30 23:19:00 info: 로그인 함수 실행
2023-09-30 23:19:01 info: 로그인 성공
2023-09-30 23:19:01 info: mjluckk2@gmail.com / 루이2 로그인 완료!
2023-09-30 23:19:03 info: 성공적으로 닉네임을 수정함!
2023-09-30 23:26:12 info: Server listening from port 3000
2023-09-30 23:26:14 info: 로그인 함수 실행
2023-09-30 23:26:14 info: 로그인 성공
2023-09-30 23:26:14 info: mjluckk2@gmail.com /  로그인 완료!
2023-09-30 23:26:19 error: ER_PARSE_ERROR: You have an error in your SQL syntax; check the manual that corresponds to your MySQL server version for the right syntax to use near '?' at line 1
2023-09-30 23:28:28 info: Server listening from port 3000
2023-09-30 23:28:31 info: 로그인 함수 실행
2023-09-30 23:28:31 info: 로그인 성공
2023-09-30 23:28:31 info: mjluckk2@gmail.com /  로그인 완료!
2023-09-30 23:28:33 info: 성공적으로 닉네임을 수정함!
2023-09-30 23:33:55 info: Server listening from port 3000
2023-09-30 23:33:59 info: 로그인 함수 실행
2023-09-30 23:34:00 info: 로그인 성공
2023-09-30 23:34:00 info: mjluckk2@gmail.com / 루이테스트 로그인 완료!
2023-09-30 23:39:11 info: Server listening from port 3000
2023-09-30 23:39:49 info: Server listening from port 3000
2023-09-30 23:48:26 info: Server listening from port 3000
2023-09-30 23:49:58 info: Server listening from port 3000
2023-09-30 23:50:14 info: Server listening from port 3000
2023-09-30 23:50:39 info: Server listening from port 3000
2023-09-30 23:50:48 info: Server listening from port 3000
2023-09-30 23:54:30 info: Server listening from port 3000
2023-09-30 23:56:10 info: Server listening from port 3000
2023-09-30 23:56:29 info: Server listening from port 3000
2023-09-30 23:56:39 info: Server listening from port 3000
2023-09-30 23:57:20 info: Server listening from port 3000
2023-09-30 23:57:37 info: Server listening from port 3000
2023-09-30 23:58:24 info: Server listening from port 3000
2023-09-30 23:58:48 info: Server listening from port 3000
2023-10-01 00:01:18 info: Server listening from port 3000
2023-10-01 00:01:34 info: Server listening from port 3000
